
- 07-Mar-2022 20:06:01 makenl[91177] MakeNL 3.5.1 (Linux) compiled with GNU C on Mar  6 2022 17:55:32
+ 07-Mar-2022 20:06:01 makenl[91177] MakeNL started
d 07-Mar-2022 20:06:01 makenl[91177] /home/bbs/git/makenl-code/src/os.c: os_fulldir(): called with src='.'
d 07-Mar-2022 20:06:01 makenl[91177] /home/bbs/git/makenl-code/src/os.c: os_fulldir(): after removing slash: '.'
d 07-Mar-2022 20:06:01 makenl[91177] os_fullpath(): dir='', name='', ext=''
d 07-Mar-2022 20:06:01 makenl[91177] os_fullpath(): old directory='/home/bbs/git/retrox_nodelist'
d 07-Mar-2022 20:06:01 makenl[91177] myfnmerge: drive='(null)' dir='/home/bbs/git/retrox_nodelist' name='' ext=''
d 07-Mar-2022 20:06:01 makenl[91177] os_fullpath(): complete filename: '/home/bbs/git/retrox_nodelist/'
d 07-Mar-2022 20:06:01 makenl[91177] /home/bbs/git/makenl-code/src/os.c: os_fulldir(): absolute path '/home/bbs/git/retrox_nodelist/'
d 07-Mar-2022 20:06:01 makenl[91177] /home/bbs/git/makenl-code/src/os.c: os_fulldir(): st_mode is now 40775
d 07-Mar-2022 20:06:01 makenl[91177] /home/bbs/git/makenl-code/src/os.c: os_fulldir(): called with src='./outfile'
d 07-Mar-2022 20:06:01 makenl[91177] /home/bbs/git/makenl-code/src/os.c: os_fulldir(): after removing slash: './outfile'
d 07-Mar-2022 20:06:01 makenl[91177] os_fullpath(): dir='.', name='outfile', ext=''
d 07-Mar-2022 20:06:01 makenl[91177] os_fullpath(): old directory='/home/bbs/git/retrox_nodelist'
d 07-Mar-2022 20:06:01 makenl[91177] myfnmerge: drive='(null)' dir='/home/bbs/git/retrox_nodelist' name='outfile' ext=''
d 07-Mar-2022 20:06:01 makenl[91177] os_fullpath(): complete filename: '/home/bbs/git/retrox_nodelist/outfile'
d 07-Mar-2022 20:06:01 makenl[91177] /home/bbs/git/makenl-code/src/os.c: os_fulldir(): absolute path '/home/bbs/git/retrox_nodelist/outfile'
d 07-Mar-2022 20:06:01 makenl[91177] /home/bbs/git/makenl-code/src/os.c: os_fulldir(): st_mode is now 40775
? 07-Mar-2022 20:06:01 makenl[91177] WARNING -- No net NAME given for list header (use /N or NAME verb)
+ 07-Mar-2022 20:06:01 makenl[91177] Cmdline: makenl "-D" "nodelist.txt"
+ 07-Mar-2022 20:06:01 makenl[91177] Using 'nodelist.txt' in '/home/bbs/git/retrox_nodelist'
+ 07-Mar-2022 20:06:01 makenl[91177] Begin processing 'retrox.' -- 20:06, Monday, March 7, 2022
d 07-Mar-2022 20:06:01 makenl[91177] myfnmerge: drive='(null)' dir='/home/bbs/git/retrox_nodelist/outfile' name='retrox.' ext='(null)'
d 07-Mar-2022 20:06:01 makenl[91177] main(): shouldprocess /home/bbs/git/retrox_nodelist/outfile/retrox.
d 07-Mar-2022 20:06:01 makenl[91177] myfnmerge: drive='' dir='/home/bbs/git/retrox_nodelist/outfile' name='retrox' ext='$$$'
d 07-Mar-2022 20:06:01 makenl[91177] myfnmerge: drive='(null)' dir='/home/bbs/git/retrox_nodelist/' name='cpyright.txt' ext='(null)'
d 07-Mar-2022 20:06:01 makenl[91177] myfnmerge: drive='(null)' dir='/home/bbs/git/retrox_nodelist/' name='prolog.txt' ext='(null)'
d 07-Mar-2022 20:06:01 makenl[91177] CloseMSGFile: status=0
d 07-Mar-2022 20:06:01 makenl[91177] CloseMSGFile: MSGnum=0
d 07-Mar-2022 20:06:01 makenl[91177] myfnmerge: drive='(null)' dir='/home/bbs/git/retrox_nodelist/' name='epilog.txt' ext='(null)'
d 07-Mar-2022 20:06:01 makenl[91177] myfnmerge: drive='(null)' dir='/home/bbs/git/retrox_nodelist/outfile' name='retrox.' ext='070'
d 07-Mar-2022 20:06:01 makenl[91177] myfnmerge: drive='(null)' dir='/home/bbs/git/retrox_nodelist/outfile' name='retrox.' ext='063'
d 07-Mar-2022 20:06:01 makenl[91177] myfnmerge: drive='(null)' dir='/home/bbs/git/retrox_nodelist/outfile' name='retrox.' ext='056'
d 07-Mar-2022 20:06:01 makenl[91177] myfnmerge: drive='(null)' dir='/home/bbs/git/retrox_nodelist/outfile' name='retrox.' ext='049'
d 07-Mar-2022 20:06:01 makenl[91177] myfnmerge: drive='(null)' dir='/home/bbs/git/retrox_nodelist/outfile' name='retrox.' ext='042'
d 07-Mar-2022 20:06:01 makenl[91177] myfnmerge: drive='(null)' dir='/home/bbs/git/retrox_nodelist/outfile' name='retrox.' ext='035'
d 07-Mar-2022 20:06:01 makenl[91177] myfnmerge: drive='(null)' dir='/home/bbs/git/retrox_nodelist/outfile' name='retrox.' ext='028'
d 07-Mar-2022 20:06:01 makenl[91177] myfnmerge: drive='' dir='/home/bbs/git/retrox_nodelist/outfile' name='retrox' ext='$$$'
d 07-Mar-2022 20:06:01 makenl[91177] myfnmerge: drive='' dir='/home/bbs/git/retrox_nodelist/outfile' name='retrox' ext='070'
d 07-Mar-2022 20:06:01 makenl[91177] myfnmerge: drive='(null)' dir='/home/bbs/git/retrox_nodelist/outfile' name='retrox.' ext='021'
d 07-Mar-2022 20:06:01 makenl[91177] myfnmerge: drive='' dir='/home/bbs/git/retrox_nodelist/outfile' name='retrox' ext='063'
d 07-Mar-2022 20:06:01 makenl[91177] Skip arc for /home/bbs/git/retrox_nodelist/outfile/retrox.070
d 07-Mar-2022 20:06:01 makenl[91177] /home/bbs/git/makenl-code/src/fileutil.c: cleanit(): cleanup no
+ 07-Mar-2022 20:06:01 makenl[91177] CRC = 30867
+ 07-Mar-2022 20:06:01 makenl[91177] MakeNL finished (rc=0)

- 07-Mar-2022 20:06:35 makenl[91272] MakeNL 3.5.1 (Linux) compiled with GNU C on Mar  6 2022 17:55:32
+ 07-Mar-2022 20:06:35 makenl[91272] MakeNL started
d 07-Mar-2022 20:06:35 makenl[91272] /home/bbs/git/makenl-code/src/os.c: os_fulldir(): called with src='.'
d 07-Mar-2022 20:06:35 makenl[91272] /home/bbs/git/makenl-code/src/os.c: os_fulldir(): after removing slash: '.'
d 07-Mar-2022 20:06:35 makenl[91272] os_fullpath(): dir='', name='', ext=''
d 07-Mar-2022 20:06:35 makenl[91272] os_fullpath(): old directory='/home/bbs/git/retrox_nodelist'
d 07-Mar-2022 20:06:35 makenl[91272] myfnmerge: drive='(null)' dir='/home/bbs/git/retrox_nodelist' name='' ext=''
d 07-Mar-2022 20:06:35 makenl[91272] os_fullpath(): complete filename: '/home/bbs/git/retrox_nodelist/'
d 07-Mar-2022 20:06:35 makenl[91272] /home/bbs/git/makenl-code/src/os.c: os_fulldir(): absolute path '/home/bbs/git/retrox_nodelist/'
d 07-Mar-2022 20:06:35 makenl[91272] /home/bbs/git/makenl-code/src/os.c: os_fulldir(): st_mode is now 40775
d 07-Mar-2022 20:06:35 makenl[91272] /home/bbs/git/makenl-code/src/os.c: os_fulldir(): called with src='./outfile'
d 07-Mar-2022 20:06:35 makenl[91272] /home/bbs/git/makenl-code/src/os.c: os_fulldir(): after removing slash: './outfile'
d 07-Mar-2022 20:06:35 makenl[91272] os_fullpath(): dir='.', name='outfile', ext=''
d 07-Mar-2022 20:06:35 makenl[91272] os_fullpath(): old directory='/home/bbs/git/retrox_nodelist'
d 07-Mar-2022 20:06:35 makenl[91272] myfnmerge: drive='(null)' dir='/home/bbs/git/retrox_nodelist' name='outfile' ext=''
d 07-Mar-2022 20:06:35 makenl[91272] os_fullpath(): complete filename: '/home/bbs/git/retrox_nodelist/outfile'
d 07-Mar-2022 20:06:35 makenl[91272] /home/bbs/git/makenl-code/src/os.c: os_fulldir(): absolute path '/home/bbs/git/retrox_nodelist/outfile'
d 07-Mar-2022 20:06:35 makenl[91272] /home/bbs/git/makenl-code/src/os.c: os_fulldir(): st_mode is now 40775
? 07-Mar-2022 20:06:35 makenl[91272] WARNING -- No net NAME given for list header (use /N or NAME verb)
+ 07-Mar-2022 20:06:35 makenl[91272] Cmdline: makenl "-D" "nodelist.txt"
+ 07-Mar-2022 20:06:35 makenl[91272] Using 'nodelist.txt' in '/home/bbs/git/retrox_nodelist'
+ 07-Mar-2022 20:06:35 makenl[91272] Begin processing 'retrox.' -- 20:06, Monday, March 7, 2022
d 07-Mar-2022 20:06:35 makenl[91272] myfnmerge: drive='(null)' dir='/home/bbs/git/retrox_nodelist/outfile' name='retrox.' ext='(null)'
d 07-Mar-2022 20:06:35 makenl[91272] main(): shouldprocess /home/bbs/git/retrox_nodelist/outfile/retrox.
d 07-Mar-2022 20:06:35 makenl[91272] myfnmerge: drive='' dir='/home/bbs/git/retrox_nodelist/outfile' name='retrox' ext='$$$'
d 07-Mar-2022 20:06:35 makenl[91272] myfnmerge: drive='(null)' dir='/home/bbs/git/retrox_nodelist/' name='cpyright.txt' ext='(null)'
d 07-Mar-2022 20:06:35 makenl[91272] myfnmerge: drive='(null)' dir='/home/bbs/git/retrox_nodelist/' name='prolog.txt' ext='(null)'
d 07-Mar-2022 20:06:35 makenl[91272] CloseMSGFile: status=0
d 07-Mar-2022 20:06:35 makenl[91272] CloseMSGFile: MSGnum=0
d 07-Mar-2022 20:06:35 makenl[91272] myfnmerge: drive='(null)' dir='/home/bbs/git/retrox_nodelist/' name='epilog.txt' ext='(null)'
d 07-Mar-2022 20:06:35 makenl[91272] myfnmerge: drive='(null)' dir='/home/bbs/git/retrox_nodelist/outfile' name='retrox.' ext='070'
d 07-Mar-2022 20:06:35 makenl[91272] myfnmerge: drive='' dir='/home/bbs/git/retrox_nodelist/outfile' name='retrox' ext='$$$'
d 07-Mar-2022 20:06:35 makenl[91272] myfnmerge: drive='' dir='/home/bbs/git/retrox_nodelist/outfile' name='retrox' ext='063'
d 07-Mar-2022 20:06:35 makenl[91272] myfnmerge: drive='' dir='/home/bbs/git/retrox_nodelist/outfile' name='retrox' ext='056'
d 07-Mar-2022 20:06:35 makenl[91272] myfnmerge: drive='' dir='/home/bbs/git/retrox_nodelist/outfile' name='retrox' ext='049'
d 07-Mar-2022 20:06:35 makenl[91272] myfnmerge: drive='' dir='/home/bbs/git/retrox_nodelist/outfile' name='retrox' ext='042'
d 07-Mar-2022 20:06:35 makenl[91272] myfnmerge: drive='' dir='/home/bbs/git/retrox_nodelist/outfile' name='retrox' ext='035'
d 07-Mar-2022 20:06:35 makenl[91272] myfnmerge: drive='' dir='/home/bbs/git/retrox_nodelist/outfile' name='retrox' ext='028'
+ 07-Mar-2022 20:06:35 makenl[91272] Unchanged output file will NOT be submitted
d 07-Mar-2022 20:06:35 makenl[91272] /home/bbs/git/makenl-code/src/fileutil.c: cleanit(): cleanup no
+ 07-Mar-2022 20:06:35 makenl[91272] CRC = 30867
+ 07-Mar-2022 20:06:35 makenl[91272] MakeNL finished (rc=0)

- 07-Mar-2022 20:09:46 makenl[91410] MakeNL 3.5.1 (Linux) compiled with GNU C on Mar  6 2022 17:55:32
+ 07-Mar-2022 20:09:46 makenl[91410] MakeNL started
d 07-Mar-2022 20:09:46 makenl[91410] /home/bbs/git/makenl-code/src/os.c: os_fulldir(): called with src='.'
d 07-Mar-2022 20:09:46 makenl[91410] /home/bbs/git/makenl-code/src/os.c: os_fulldir(): after removing slash: '.'
d 07-Mar-2022 20:09:46 makenl[91410] os_fullpath(): dir='', name='', ext=''
d 07-Mar-2022 20:09:46 makenl[91410] os_fullpath(): old directory='/home/bbs/git/retrox_nodelist'
d 07-Mar-2022 20:09:46 makenl[91410] myfnmerge: drive='(null)' dir='/home/bbs/git/retrox_nodelist' name='' ext=''
d 07-Mar-2022 20:09:46 makenl[91410] os_fullpath(): complete filename: '/home/bbs/git/retrox_nodelist/'
d 07-Mar-2022 20:09:46 makenl[91410] /home/bbs/git/makenl-code/src/os.c: os_fulldir(): absolute path '/home/bbs/git/retrox_nodelist/'
d 07-Mar-2022 20:09:46 makenl[91410] /home/bbs/git/makenl-code/src/os.c: os_fulldir(): st_mode is now 40775
d 07-Mar-2022 20:09:46 makenl[91410] /home/bbs/git/makenl-code/src/os.c: os_fulldir(): called with src='./outfile'
d 07-Mar-2022 20:09:46 makenl[91410] /home/bbs/git/makenl-code/src/os.c: os_fulldir(): after removing slash: './outfile'
d 07-Mar-2022 20:09:46 makenl[91410] os_fullpath(): dir='.', name='outfile', ext=''
d 07-Mar-2022 20:09:46 makenl[91410] os_fullpath(): old directory='/home/bbs/git/retrox_nodelist'
d 07-Mar-2022 20:09:46 makenl[91410] myfnmerge: drive='(null)' dir='/home/bbs/git/retrox_nodelist' name='outfile' ext=''
d 07-Mar-2022 20:09:46 makenl[91410] os_fullpath(): complete filename: '/home/bbs/git/retrox_nodelist/outfile'
d 07-Mar-2022 20:09:46 makenl[91410] /home/bbs/git/makenl-code/src/os.c: os_fulldir(): absolute path '/home/bbs/git/retrox_nodelist/outfile'
d 07-Mar-2022 20:09:46 makenl[91410] /home/bbs/git/makenl-code/src/os.c: os_fulldir(): st_mode is now 40775
? 07-Mar-2022 20:09:46 makenl[91410] WARNING -- No net NAME given for list header (use /N or NAME verb)
+ 07-Mar-2022 20:09:46 makenl[91410] Cmdline: makenl "-D" "nodelist.txt"
+ 07-Mar-2022 20:09:46 makenl[91410] Using 'nodelist.txt' in '/home/bbs/git/retrox_nodelist'
+ 07-Mar-2022 20:09:46 makenl[91410] Begin processing 'retrox.' -- 20:09, Monday, March 7, 2022
d 07-Mar-2022 20:09:46 makenl[91410] myfnmerge: drive='(null)' dir='/home/bbs/git/retrox_nodelist/outfile' name='retrox.' ext='(null)'
d 07-Mar-2022 20:09:46 makenl[91410] main(): shouldprocess /home/bbs/git/retrox_nodelist/outfile/retrox.
d 07-Mar-2022 20:09:46 makenl[91410] myfnmerge: drive='' dir='/home/bbs/git/retrox_nodelist/outfile' name='retrox' ext='$$$'
d 07-Mar-2022 20:09:46 makenl[91410] myfnmerge: drive='(null)' dir='/home/bbs/git/retrox_nodelist/' name='cpyright.txt' ext='(null)'
d 07-Mar-2022 20:09:46 makenl[91410] myfnmerge: drive='(null)' dir='/home/bbs/git/retrox_nodelist/' name='prolog.txt' ext='(null)'
d 07-Mar-2022 20:09:46 makenl[91410] CloseMSGFile: status=0
d 07-Mar-2022 20:09:46 makenl[91410] CloseMSGFile: MSGnum=0
d 07-Mar-2022 20:09:46 makenl[91410] myfnmerge: drive='(null)' dir='/home/bbs/git/retrox_nodelist/' name='epilog.txt' ext='(null)'
d 07-Mar-2022 20:09:46 makenl[91410] myfnmerge: drive='(null)' dir='/home/bbs/git/retrox_nodelist/outfile' name='retrox.' ext='070'
d 07-Mar-2022 20:09:46 makenl[91410] myfnmerge: drive='' dir='/home/bbs/git/retrox_nodelist/outfile' name='retrox' ext='$$$'
d 07-Mar-2022 20:09:46 makenl[91410] myfnmerge: drive='' dir='/home/bbs/git/retrox_nodelist/outfile' name='retrox' ext='063'
d 07-Mar-2022 20:09:46 makenl[91410] myfnmerge: drive='' dir='/home/bbs/git/retrox_nodelist/outfile' name='retrox' ext='056'
d 07-Mar-2022 20:09:46 makenl[91410] myfnmerge: drive='' dir='/home/bbs/git/retrox_nodelist/outfile' name='retrox' ext='049'
d 07-Mar-2022 20:09:46 makenl[91410] myfnmerge: drive='' dir='/home/bbs/git/retrox_nodelist/outfile' name='retrox' ext='042'
d 07-Mar-2022 20:09:46 makenl[91410] myfnmerge: drive='' dir='/home/bbs/git/retrox_nodelist/outfile' name='retrox' ext='035'
d 07-Mar-2022 20:09:46 makenl[91410] myfnmerge: drive='' dir='/home/bbs/git/retrox_nodelist/outfile' name='retrox' ext='028'
+ 07-Mar-2022 20:09:46 makenl[91410] Unchanged output file will NOT be submitted
d 07-Mar-2022 20:09:46 makenl[91410] /home/bbs/git/makenl-code/src/fileutil.c: cleanit(): cleanup no
+ 07-Mar-2022 20:09:46 makenl[91410] CRC = 30867
+ 07-Mar-2022 20:09:46 makenl[91410] MakeNL finished (rc=0)

- 07-Mar-2022 20:12:01 makenl[91896] MakeNL 3.5.1 (Linux) compiled with GNU C on Mar  6 2022 17:55:32
+ 07-Mar-2022 20:12:01 makenl[91896] MakeNL started
d 07-Mar-2022 20:12:01 makenl[91896] /home/bbs/git/makenl-code/src/os.c: os_fulldir(): called with src='.'
d 07-Mar-2022 20:12:01 makenl[91896] /home/bbs/git/makenl-code/src/os.c: os_fulldir(): after removing slash: '.'
d 07-Mar-2022 20:12:01 makenl[91896] os_fullpath(): dir='', name='', ext=''
d 07-Mar-2022 20:12:01 makenl[91896] os_fullpath(): old directory='/home/bbs/git/retrox_nodelist'
d 07-Mar-2022 20:12:01 makenl[91896] myfnmerge: drive='(null)' dir='/home/bbs/git/retrox_nodelist' name='' ext=''
d 07-Mar-2022 20:12:01 makenl[91896] os_fullpath(): complete filename: '/home/bbs/git/retrox_nodelist/'
d 07-Mar-2022 20:12:01 makenl[91896] /home/bbs/git/makenl-code/src/os.c: os_fulldir(): absolute path '/home/bbs/git/retrox_nodelist/'
d 07-Mar-2022 20:12:01 makenl[91896] /home/bbs/git/makenl-code/src/os.c: os_fulldir(): st_mode is now 40775
d 07-Mar-2022 20:12:01 makenl[91896] /home/bbs/git/makenl-code/src/os.c: os_fulldir(): called with src='./outfile'
d 07-Mar-2022 20:12:01 makenl[91896] /home/bbs/git/makenl-code/src/os.c: os_fulldir(): after removing slash: './outfile'
d 07-Mar-2022 20:12:01 makenl[91896] os_fullpath(): dir='.', name='outfile', ext=''
d 07-Mar-2022 20:12:01 makenl[91896] os_fullpath(): old directory='/home/bbs/git/retrox_nodelist'
d 07-Mar-2022 20:12:01 makenl[91896] myfnmerge: drive='(null)' dir='/home/bbs/git/retrox_nodelist' name='outfile' ext=''
d 07-Mar-2022 20:12:01 makenl[91896] os_fullpath(): complete filename: '/home/bbs/git/retrox_nodelist/outfile'
d 07-Mar-2022 20:12:01 makenl[91896] /home/bbs/git/makenl-code/src/os.c: os_fulldir(): absolute path '/home/bbs/git/retrox_nodelist/outfile'
d 07-Mar-2022 20:12:01 makenl[91896] /home/bbs/git/makenl-code/src/os.c: os_fulldir(): st_mode is now 40775
? 07-Mar-2022 20:12:01 makenl[91896] WARNING -- No net NAME given for list header (use /N or NAME verb)
+ 07-Mar-2022 20:12:01 makenl[91896] Cmdline: makenl "-D" "nodelist.txt"
+ 07-Mar-2022 20:12:01 makenl[91896] Using 'nodelist.txt' in '/home/bbs/git/retrox_nodelist'
+ 07-Mar-2022 20:12:01 makenl[91896] Begin processing 'retrox.' -- 20:12, Monday, March 7, 2022
d 07-Mar-2022 20:12:01 makenl[91896] myfnmerge: drive='(null)' dir='/home/bbs/git/retrox_nodelist/outfile' name='retrox.' ext='(null)'
d 07-Mar-2022 20:12:01 makenl[91896] main(): shouldprocess /home/bbs/git/retrox_nodelist/outfile/retrox.
d 07-Mar-2022 20:12:01 makenl[91896] myfnmerge: drive='' dir='/home/bbs/git/retrox_nodelist/outfile' name='retrox' ext='$$$'
d 07-Mar-2022 20:12:01 makenl[91896] myfnmerge: drive='(null)' dir='/home/bbs/git/retrox_nodelist/' name='cpyright.txt' ext='(null)'
d 07-Mar-2022 20:12:01 makenl[91896] myfnmerge: drive='(null)' dir='/home/bbs/git/retrox_nodelist/' name='prolog.txt' ext='(null)'
d 07-Mar-2022 20:12:01 makenl[91896] CloseMSGFile: status=0
d 07-Mar-2022 20:12:01 makenl[91896] CloseMSGFile: MSGnum=0
d 07-Mar-2022 20:12:01 makenl[91896] myfnmerge: drive='(null)' dir='/home/bbs/git/retrox_nodelist/' name='epilog.txt' ext='(null)'
d 07-Mar-2022 20:12:01 makenl[91896] myfnmerge: drive='(null)' dir='/home/bbs/git/retrox_nodelist/outfile' name='retrox.' ext='070'
d 07-Mar-2022 20:12:01 makenl[91896] myfnmerge: drive='' dir='/home/bbs/git/retrox_nodelist/outfile' name='retrox' ext='$$$'
d 07-Mar-2022 20:12:01 makenl[91896] myfnmerge: drive='' dir='/home/bbs/git/retrox_nodelist/outfile' name='retrox' ext='063'
d 07-Mar-2022 20:12:01 makenl[91896] myfnmerge: drive='' dir='/home/bbs/git/retrox_nodelist/outfile' name='retrox' ext='056'
d 07-Mar-2022 20:12:01 makenl[91896] myfnmerge: drive='' dir='/home/bbs/git/retrox_nodelist/outfile' name='retrox' ext='049'
d 07-Mar-2022 20:12:01 makenl[91896] myfnmerge: drive='' dir='/home/bbs/git/retrox_nodelist/outfile' name='retrox' ext='042'
d 07-Mar-2022 20:12:01 makenl[91896] myfnmerge: drive='' dir='/home/bbs/git/retrox_nodelist/outfile' name='retrox' ext='035'
d 07-Mar-2022 20:12:01 makenl[91896] myfnmerge: drive='' dir='/home/bbs/git/retrox_nodelist/outfile' name='retrox' ext='028'
+ 07-Mar-2022 20:12:01 makenl[91896] Unchanged output file will NOT be submitted
d 07-Mar-2022 20:12:01 makenl[91896] /home/bbs/git/makenl-code/src/fileutil.c: cleanit(): cleanup no
+ 07-Mar-2022 20:12:01 makenl[91896] CRC = 30867
+ 07-Mar-2022 20:12:01 makenl[91896] MakeNL finished (rc=0)

- 07-Mar-2022 20:17:51 makenl[92117] MakeNL 3.5.1 (Linux) compiled with GNU C on Mar  6 2022 17:55:32
+ 07-Mar-2022 20:17:51 makenl[92117] MakeNL started
d 07-Mar-2022 20:17:51 makenl[92117] /home/bbs/git/makenl-code/src/os.c: os_fulldir(): called with src='.'
d 07-Mar-2022 20:17:51 makenl[92117] /home/bbs/git/makenl-code/src/os.c: os_fulldir(): after removing slash: '.'
d 07-Mar-2022 20:17:51 makenl[92117] os_fullpath(): dir='', name='', ext=''
d 07-Mar-2022 20:17:51 makenl[92117] os_fullpath(): old directory='/home/bbs/git/retrox_nodelist'
d 07-Mar-2022 20:17:51 makenl[92117] myfnmerge: drive='(null)' dir='/home/bbs/git/retrox_nodelist' name='' ext=''
d 07-Mar-2022 20:17:51 makenl[92117] os_fullpath(): complete filename: '/home/bbs/git/retrox_nodelist/'
d 07-Mar-2022 20:17:51 makenl[92117] /home/bbs/git/makenl-code/src/os.c: os_fulldir(): absolute path '/home/bbs/git/retrox_nodelist/'
d 07-Mar-2022 20:17:51 makenl[92117] /home/bbs/git/makenl-code/src/os.c: os_fulldir(): st_mode is now 40775
d 07-Mar-2022 20:17:51 makenl[92117] /home/bbs/git/makenl-code/src/os.c: os_fulldir(): called with src='./outfile'
d 07-Mar-2022 20:17:51 makenl[92117] /home/bbs/git/makenl-code/src/os.c: os_fulldir(): after removing slash: './outfile'
d 07-Mar-2022 20:17:51 makenl[92117] os_fullpath(): dir='.', name='outfile', ext=''
d 07-Mar-2022 20:17:51 makenl[92117] os_fullpath(): old directory='/home/bbs/git/retrox_nodelist'
d 07-Mar-2022 20:17:51 makenl[92117] myfnmerge: drive='(null)' dir='/home/bbs/git/retrox_nodelist' name='outfile' ext=''
d 07-Mar-2022 20:17:51 makenl[92117] os_fullpath(): complete filename: '/home/bbs/git/retrox_nodelist/outfile'
d 07-Mar-2022 20:17:51 makenl[92117] /home/bbs/git/makenl-code/src/os.c: os_fulldir(): absolute path '/home/bbs/git/retrox_nodelist/outfile'
d 07-Mar-2022 20:17:51 makenl[92117] /home/bbs/git/makenl-code/src/os.c: os_fulldir(): st_mode is now 40775
? 07-Mar-2022 20:17:51 makenl[92117] WARNING -- No net NAME given for list header (use /N or NAME verb)
+ 07-Mar-2022 20:17:51 makenl[92117] Cmdline: makenl "-D" "nodelist.txt"
+ 07-Mar-2022 20:17:51 makenl[92117] Using 'nodelist.txt' in '/home/bbs/git/retrox_nodelist'
+ 07-Mar-2022 20:17:51 makenl[92117] Begin processing 'retrox.' -- 20:17, Monday, March 7, 2022
d 07-Mar-2022 20:17:51 makenl[92117] myfnmerge: drive='(null)' dir='/home/bbs/git/retrox_nodelist/outfile' name='retrox.' ext='(null)'
d 07-Mar-2022 20:17:51 makenl[92117] main(): shouldprocess /home/bbs/git/retrox_nodelist/outfile/retrox.
d 07-Mar-2022 20:17:51 makenl[92117] myfnmerge: drive='' dir='/home/bbs/git/retrox_nodelist/outfile' name='retrox' ext='$$$'
d 07-Mar-2022 20:17:51 makenl[92117] myfnmerge: drive='(null)' dir='/home/bbs/git/retrox_nodelist/' name='cpyright.txt' ext='(null)'
d 07-Mar-2022 20:17:51 makenl[92117] myfnmerge: drive='(null)' dir='/home/bbs/git/retrox_nodelist/' name='prolog.txt' ext='(null)'
d 07-Mar-2022 20:17:51 makenl[92117] CloseMSGFile: status=0
d 07-Mar-2022 20:17:51 makenl[92117] CloseMSGFile: MSGnum=0
d 07-Mar-2022 20:17:51 makenl[92117] myfnmerge: drive='(null)' dir='/home/bbs/git/retrox_nodelist/' name='epilog.txt' ext='(null)'
d 07-Mar-2022 20:17:51 makenl[92117] myfnmerge: drive='(null)' dir='/home/bbs/git/retrox_nodelist/outfile' name='retrox.' ext='070'
d 07-Mar-2022 20:17:51 makenl[92117] myfnmerge: drive='(null)' dir='/home/bbs/git/retrox_nodelist/outfile' name='retrox.' ext='063'
d 07-Mar-2022 20:17:51 makenl[92117] myfnmerge: drive='(null)' dir='/home/bbs/git/retrox_nodelist/outfile' name='retrox.' ext='056'
d 07-Mar-2022 20:17:51 makenl[92117] myfnmerge: drive='(null)' dir='/home/bbs/git/retrox_nodelist/outfile' name='retrox.' ext='049'
d 07-Mar-2022 20:17:51 makenl[92117] myfnmerge: drive='(null)' dir='/home/bbs/git/retrox_nodelist/outfile' name='retrox.' ext='042'
d 07-Mar-2022 20:17:51 makenl[92117] myfnmerge: drive='(null)' dir='/home/bbs/git/retrox_nodelist/outfile' name='retrox.' ext='035'
d 07-Mar-2022 20:17:51 makenl[92117] myfnmerge: drive='(null)' dir='/home/bbs/git/retrox_nodelist/outfile' name='retrox.' ext='028'
d 07-Mar-2022 20:17:51 makenl[92117] myfnmerge: drive='' dir='/home/bbs/git/retrox_nodelist/outfile' name='retrox' ext='$$$'
d 07-Mar-2022 20:17:51 makenl[92117] myfnmerge: drive='' dir='/home/bbs/git/retrox_nodelist/outfile' name='retrox' ext='070'
d 07-Mar-2022 20:17:51 makenl[92117] myfnmerge: drive='(null)' dir='/home/bbs/git/retrox_nodelist/outfile' name='retrox.' ext='021'
d 07-Mar-2022 20:17:51 makenl[92117] myfnmerge: drive='' dir='/home/bbs/git/retrox_nodelist/outfile' name='retrox' ext='063'
d 07-Mar-2022 20:17:51 makenl[92117] Skip arc for /home/bbs/git/retrox_nodelist/outfile/retrox.070
d 07-Mar-2022 20:17:51 makenl[92117] /home/bbs/git/makenl-code/src/fileutil.c: cleanit(): cleanup no
+ 07-Mar-2022 20:17:51 makenl[92117] CRC = 30867
+ 07-Mar-2022 20:17:51 makenl[92117] MakeNL finished (rc=0)

- 07-Mar-2022 20:18:44 makenl[92216] MakeNL 3.5.1 (Linux) compiled with GNU C on Mar  6 2022 17:55:32
+ 07-Mar-2022 20:18:44 makenl[92216] MakeNL started
d 07-Mar-2022 20:18:44 makenl[92216] /home/bbs/git/makenl-code/src/os.c: os_fulldir(): called with src='.'
d 07-Mar-2022 20:18:44 makenl[92216] /home/bbs/git/makenl-code/src/os.c: os_fulldir(): after removing slash: '.'
d 07-Mar-2022 20:18:44 makenl[92216] os_fullpath(): dir='', name='', ext=''
d 07-Mar-2022 20:18:44 makenl[92216] os_fullpath(): old directory='/home/bbs/git/retrox_nodelist'
d 07-Mar-2022 20:18:44 makenl[92216] myfnmerge: drive='(null)' dir='/home/bbs/git/retrox_nodelist' name='' ext=''
d 07-Mar-2022 20:18:44 makenl[92216] os_fullpath(): complete filename: '/home/bbs/git/retrox_nodelist/'
d 07-Mar-2022 20:18:44 makenl[92216] /home/bbs/git/makenl-code/src/os.c: os_fulldir(): absolute path '/home/bbs/git/retrox_nodelist/'
d 07-Mar-2022 20:18:44 makenl[92216] /home/bbs/git/makenl-code/src/os.c: os_fulldir(): st_mode is now 40775
d 07-Mar-2022 20:18:44 makenl[92216] /home/bbs/git/makenl-code/src/os.c: os_fulldir(): called with src='./outfile'
d 07-Mar-2022 20:18:44 makenl[92216] /home/bbs/git/makenl-code/src/os.c: os_fulldir(): after removing slash: './outfile'
d 07-Mar-2022 20:18:44 makenl[92216] os_fullpath(): dir='.', name='outfile', ext=''
d 07-Mar-2022 20:18:44 makenl[92216] os_fullpath(): old directory='/home/bbs/git/retrox_nodelist'
d 07-Mar-2022 20:18:44 makenl[92216] myfnmerge: drive='(null)' dir='/home/bbs/git/retrox_nodelist' name='outfile' ext=''
d 07-Mar-2022 20:18:44 makenl[92216] os_fullpath(): complete filename: '/home/bbs/git/retrox_nodelist/outfile'
d 07-Mar-2022 20:18:44 makenl[92216] /home/bbs/git/makenl-code/src/os.c: os_fulldir(): absolute path '/home/bbs/git/retrox_nodelist/outfile'
d 07-Mar-2022 20:18:44 makenl[92216] /home/bbs/git/makenl-code/src/os.c: os_fulldir(): st_mode is now 40775
? 07-Mar-2022 20:18:44 makenl[92216] WARNING -- No net NAME given for list header (use /N or NAME verb)
+ 07-Mar-2022 20:18:44 makenl[92216] Cmdline: makenl "-D" "nodelist.txt"
+ 07-Mar-2022 20:18:44 makenl[92216] Using 'nodelist.txt' in '/home/bbs/git/retrox_nodelist'
+ 07-Mar-2022 20:18:44 makenl[92216] Begin processing 'retrox.' -- 20:18, Monday, March 7, 2022
d 07-Mar-2022 20:18:44 makenl[92216] myfnmerge: drive='(null)' dir='/home/bbs/git/retrox_nodelist/outfile' name='retrox.' ext='(null)'
d 07-Mar-2022 20:18:44 makenl[92216] main(): shouldprocess /home/bbs/git/retrox_nodelist/outfile/retrox.
d 07-Mar-2022 20:18:44 makenl[92216] myfnmerge: drive='' dir='/home/bbs/git/retrox_nodelist/outfile' name='retrox' ext='$$$'
d 07-Mar-2022 20:18:44 makenl[92216] myfnmerge: drive='(null)' dir='/home/bbs/git/retrox_nodelist/' name='cpyright.txt' ext='(null)'
d 07-Mar-2022 20:18:44 makenl[92216] myfnmerge: drive='(null)' dir='/home/bbs/git/retrox_nodelist/' name='prolog.txt' ext='(null)'
d 07-Mar-2022 20:18:44 makenl[92216] CloseMSGFile: status=0
d 07-Mar-2022 20:18:44 makenl[92216] CloseMSGFile: MSGnum=0
d 07-Mar-2022 20:18:44 makenl[92216] myfnmerge: drive='(null)' dir='/home/bbs/git/retrox_nodelist/' name='epilog.txt' ext='(null)'
d 07-Mar-2022 20:18:44 makenl[92216] myfnmerge: drive='(null)' dir='/home/bbs/git/retrox_nodelist/outfile' name='retrox.' ext='070'
d 07-Mar-2022 20:18:44 makenl[92216] myfnmerge: drive='' dir='/home/bbs/git/retrox_nodelist/outfile' name='retrox' ext='$$$'
d 07-Mar-2022 20:18:44 makenl[92216] myfnmerge: drive='' dir='/home/bbs/git/retrox_nodelist/outfile' name='retrox' ext='063'
d 07-Mar-2022 20:18:44 makenl[92216] myfnmerge: drive='' dir='/home/bbs/git/retrox_nodelist/outfile' name='retrox' ext='056'
d 07-Mar-2022 20:18:44 makenl[92216] myfnmerge: drive='' dir='/home/bbs/git/retrox_nodelist/outfile' name='retrox' ext='049'
d 07-Mar-2022 20:18:44 makenl[92216] myfnmerge: drive='' dir='/home/bbs/git/retrox_nodelist/outfile' name='retrox' ext='042'
d 07-Mar-2022 20:18:44 makenl[92216] myfnmerge: drive='' dir='/home/bbs/git/retrox_nodelist/outfile' name='retrox' ext='035'
d 07-Mar-2022 20:18:44 makenl[92216] myfnmerge: drive='' dir='/home/bbs/git/retrox_nodelist/outfile' name='retrox' ext='028'
+ 07-Mar-2022 20:18:44 makenl[92216] Unchanged output file will NOT be submitted
d 07-Mar-2022 20:18:44 makenl[92216] /home/bbs/git/makenl-code/src/fileutil.c: cleanit(): cleanup no
+ 07-Mar-2022 20:18:44 makenl[92216] CRC = 30867
+ 07-Mar-2022 20:18:44 makenl[92216] MakeNL finished (rc=0)

- 07-Mar-2022 20:19:40 makenl[92313] MakeNL 3.5.1 (Linux) compiled with GNU C on Mar  6 2022 17:55:32
+ 07-Mar-2022 20:19:40 makenl[92313] MakeNL started
d 07-Mar-2022 20:19:40 makenl[92313] /home/bbs/git/makenl-code/src/os.c: os_fulldir(): called with src='.'
d 07-Mar-2022 20:19:40 makenl[92313] /home/bbs/git/makenl-code/src/os.c: os_fulldir(): after removing slash: '.'
d 07-Mar-2022 20:19:40 makenl[92313] os_fullpath(): dir='', name='', ext=''
d 07-Mar-2022 20:19:40 makenl[92313] os_fullpath(): old directory='/home/bbs/git/retrox_nodelist'
d 07-Mar-2022 20:19:40 makenl[92313] myfnmerge: drive='(null)' dir='/home/bbs/git/retrox_nodelist' name='' ext=''
d 07-Mar-2022 20:19:40 makenl[92313] os_fullpath(): complete filename: '/home/bbs/git/retrox_nodelist/'
d 07-Mar-2022 20:19:40 makenl[92313] /home/bbs/git/makenl-code/src/os.c: os_fulldir(): absolute path '/home/bbs/git/retrox_nodelist/'
d 07-Mar-2022 20:19:40 makenl[92313] /home/bbs/git/makenl-code/src/os.c: os_fulldir(): st_mode is now 40775
d 07-Mar-2022 20:19:40 makenl[92313] /home/bbs/git/makenl-code/src/os.c: os_fulldir(): called with src='./outfile'
d 07-Mar-2022 20:19:40 makenl[92313] /home/bbs/git/makenl-code/src/os.c: os_fulldir(): after removing slash: './outfile'
d 07-Mar-2022 20:19:40 makenl[92313] os_fullpath(): dir='.', name='outfile', ext=''
d 07-Mar-2022 20:19:40 makenl[92313] os_fullpath(): old directory='/home/bbs/git/retrox_nodelist'
d 07-Mar-2022 20:19:40 makenl[92313] myfnmerge: drive='(null)' dir='/home/bbs/git/retrox_nodelist' name='outfile' ext=''
d 07-Mar-2022 20:19:40 makenl[92313] os_fullpath(): complete filename: '/home/bbs/git/retrox_nodelist/outfile'
d 07-Mar-2022 20:19:40 makenl[92313] /home/bbs/git/makenl-code/src/os.c: os_fulldir(): absolute path '/home/bbs/git/retrox_nodelist/outfile'
d 07-Mar-2022 20:19:40 makenl[92313] /home/bbs/git/makenl-code/src/os.c: os_fulldir(): st_mode is now 40775
? 07-Mar-2022 20:19:40 makenl[92313] WARNING -- No net NAME given for list header (use /N or NAME verb)
+ 07-Mar-2022 20:19:40 makenl[92313] Cmdline: makenl "-D" "nodelist.txt"
+ 07-Mar-2022 20:19:40 makenl[92313] Using 'nodelist.txt' in '/home/bbs/git/retrox_nodelist'
+ 07-Mar-2022 20:19:40 makenl[92313] Begin processing 'retrox.' -- 20:19, Monday, March 7, 2022
d 07-Mar-2022 20:19:40 makenl[92313] myfnmerge: drive='(null)' dir='/home/bbs/git/retrox_nodelist/outfile' name='retrox.' ext='(null)'
d 07-Mar-2022 20:19:40 makenl[92313] main(): shouldprocess /home/bbs/git/retrox_nodelist/outfile/retrox.
d 07-Mar-2022 20:19:40 makenl[92313] myfnmerge: drive='' dir='/home/bbs/git/retrox_nodelist/outfile' name='retrox' ext='$$$'
d 07-Mar-2022 20:19:40 makenl[92313] myfnmerge: drive='(null)' dir='/home/bbs/git/retrox_nodelist/' name='cpyright.txt' ext='(null)'
d 07-Mar-2022 20:19:40 makenl[92313] myfnmerge: drive='(null)' dir='/home/bbs/git/retrox_nodelist/' name='prolog.txt' ext='(null)'
d 07-Mar-2022 20:19:40 makenl[92313] CloseMSGFile: status=0
d 07-Mar-2022 20:19:40 makenl[92313] CloseMSGFile: MSGnum=0
d 07-Mar-2022 20:19:40 makenl[92313] myfnmerge: drive='(null)' dir='/home/bbs/git/retrox_nodelist/' name='epilog.txt' ext='(null)'
d 07-Mar-2022 20:19:40 makenl[92313] myfnmerge: drive='(null)' dir='/home/bbs/git/retrox_nodelist/outfile' name='retrox.' ext='070'
d 07-Mar-2022 20:19:40 makenl[92313] myfnmerge: drive='' dir='/home/bbs/git/retrox_nodelist/outfile' name='retrox' ext='$$$'
d 07-Mar-2022 20:19:40 makenl[92313] myfnmerge: drive='' dir='/home/bbs/git/retrox_nodelist/outfile' name='retrox' ext='063'
d 07-Mar-2022 20:19:40 makenl[92313] myfnmerge: drive='' dir='/home/bbs/git/retrox_nodelist/outfile' name='retrox' ext='056'
d 07-Mar-2022 20:19:40 makenl[92313] myfnmerge: drive='' dir='/home/bbs/git/retrox_nodelist/outfile' name='retrox' ext='049'
d 07-Mar-2022 20:19:40 makenl[92313] myfnmerge: drive='' dir='/home/bbs/git/retrox_nodelist/outfile' name='retrox' ext='042'
d 07-Mar-2022 20:19:40 makenl[92313] myfnmerge: drive='' dir='/home/bbs/git/retrox_nodelist/outfile' name='retrox' ext='035'
d 07-Mar-2022 20:19:40 makenl[92313] myfnmerge: drive='' dir='/home/bbs/git/retrox_nodelist/outfile' name='retrox' ext='028'
+ 07-Mar-2022 20:19:40 makenl[92313] Unchanged output file will NOT be submitted
d 07-Mar-2022 20:19:40 makenl[92313] /home/bbs/git/makenl-code/src/fileutil.c: cleanit(): cleanup no
+ 07-Mar-2022 20:19:40 makenl[92313] CRC = 30867
+ 07-Mar-2022 20:19:40 makenl[92313] MakeNL finished (rc=0)

- 07-Mar-2022 20:20:23 makenl[92378] MakeNL 3.5.1 (Linux) compiled with GNU C on Mar  6 2022 17:55:32
+ 07-Mar-2022 20:20:23 makenl[92378] MakeNL started
d 07-Mar-2022 20:20:23 makenl[92378] /home/bbs/git/makenl-code/src/os.c: os_fulldir(): called with src='.'
d 07-Mar-2022 20:20:23 makenl[92378] /home/bbs/git/makenl-code/src/os.c: os_fulldir(): after removing slash: '.'
d 07-Mar-2022 20:20:23 makenl[92378] os_fullpath(): dir='', name='', ext=''
d 07-Mar-2022 20:20:23 makenl[92378] os_fullpath(): old directory='/home/bbs/git/retrox_nodelist'
d 07-Mar-2022 20:20:23 makenl[92378] myfnmerge: drive='(null)' dir='/home/bbs/git/retrox_nodelist' name='' ext=''
d 07-Mar-2022 20:20:23 makenl[92378] os_fullpath(): complete filename: '/home/bbs/git/retrox_nodelist/'
d 07-Mar-2022 20:20:23 makenl[92378] /home/bbs/git/makenl-code/src/os.c: os_fulldir(): absolute path '/home/bbs/git/retrox_nodelist/'
d 07-Mar-2022 20:20:23 makenl[92378] /home/bbs/git/makenl-code/src/os.c: os_fulldir(): st_mode is now 40775
d 07-Mar-2022 20:20:23 makenl[92378] /home/bbs/git/makenl-code/src/os.c: os_fulldir(): called with src='./outfile'
d 07-Mar-2022 20:20:23 makenl[92378] /home/bbs/git/makenl-code/src/os.c: os_fulldir(): after removing slash: './outfile'
d 07-Mar-2022 20:20:23 makenl[92378] os_fullpath(): dir='.', name='outfile', ext=''
d 07-Mar-2022 20:20:23 makenl[92378] os_fullpath(): old directory='/home/bbs/git/retrox_nodelist'
d 07-Mar-2022 20:20:23 makenl[92378] myfnmerge: drive='(null)' dir='/home/bbs/git/retrox_nodelist' name='outfile' ext=''
d 07-Mar-2022 20:20:23 makenl[92378] os_fullpath(): complete filename: '/home/bbs/git/retrox_nodelist/outfile'
d 07-Mar-2022 20:20:23 makenl[92378] /home/bbs/git/makenl-code/src/os.c: os_fulldir(): absolute path '/home/bbs/git/retrox_nodelist/outfile'
d 07-Mar-2022 20:20:23 makenl[92378] /home/bbs/git/makenl-code/src/os.c: os_fulldir(): st_mode is now 40775
? 07-Mar-2022 20:20:23 makenl[92378] WARNING -- No net NAME given for list header (use /N or NAME verb)
+ 07-Mar-2022 20:20:23 makenl[92378] Cmdline: makenl "-D" "nodelist.txt"
+ 07-Mar-2022 20:20:23 makenl[92378] Using 'nodelist.txt' in '/home/bbs/git/retrox_nodelist'
+ 07-Mar-2022 20:20:23 makenl[92378] Begin processing 'retrox.' -- 20:20, Monday, March 7, 2022
d 07-Mar-2022 20:20:23 makenl[92378] myfnmerge: drive='(null)' dir='/home/bbs/git/retrox_nodelist/outfile' name='retrox.' ext='(null)'
d 07-Mar-2022 20:20:23 makenl[92378] main(): shouldprocess /home/bbs/git/retrox_nodelist/outfile/retrox.
d 07-Mar-2022 20:20:23 makenl[92378] myfnmerge: drive='' dir='/home/bbs/git/retrox_nodelist/outfile' name='retrox' ext='$$$'
d 07-Mar-2022 20:20:23 makenl[92378] myfnmerge: drive='(null)' dir='/home/bbs/git/retrox_nodelist/' name='cpyright.txt' ext='(null)'
d 07-Mar-2022 20:20:23 makenl[92378] myfnmerge: drive='(null)' dir='/home/bbs/git/retrox_nodelist/' name='prolog.txt' ext='(null)'
d 07-Mar-2022 20:20:23 makenl[92378] CloseMSGFile: status=0
d 07-Mar-2022 20:20:23 makenl[92378] CloseMSGFile: MSGnum=0
d 07-Mar-2022 20:20:23 makenl[92378] myfnmerge: drive='(null)' dir='/home/bbs/git/retrox_nodelist/' name='epilog.txt' ext='(null)'
d 07-Mar-2022 20:20:23 makenl[92378] myfnmerge: drive='(null)' dir='/home/bbs/git/retrox_nodelist/outfile' name='retrox.' ext='070'
d 07-Mar-2022 20:20:23 makenl[92378] myfnmerge: drive='' dir='/home/bbs/git/retrox_nodelist/outfile' name='retrox' ext='$$$'
d 07-Mar-2022 20:20:23 makenl[92378] myfnmerge: drive='' dir='/home/bbs/git/retrox_nodelist/outfile' name='retrox' ext='063'
d 07-Mar-2022 20:20:23 makenl[92378] myfnmerge: drive='' dir='/home/bbs/git/retrox_nodelist/outfile' name='retrox' ext='056'
d 07-Mar-2022 20:20:23 makenl[92378] myfnmerge: drive='' dir='/home/bbs/git/retrox_nodelist/outfile' name='retrox' ext='049'
d 07-Mar-2022 20:20:23 makenl[92378] myfnmerge: drive='' dir='/home/bbs/git/retrox_nodelist/outfile' name='retrox' ext='042'
d 07-Mar-2022 20:20:23 makenl[92378] myfnmerge: drive='' dir='/home/bbs/git/retrox_nodelist/outfile' name='retrox' ext='035'
d 07-Mar-2022 20:20:23 makenl[92378] myfnmerge: drive='' dir='/home/bbs/git/retrox_nodelist/outfile' name='retrox' ext='028'
+ 07-Mar-2022 20:20:23 makenl[92378] Unchanged output file will NOT be submitted
d 07-Mar-2022 20:20:23 makenl[92378] /home/bbs/git/makenl-code/src/fileutil.c: cleanit(): cleanup no
+ 07-Mar-2022 20:20:23 makenl[92378] CRC = 30867
+ 07-Mar-2022 20:20:23 makenl[92378] MakeNL finished (rc=0)

- 07-Mar-2022 20:20:59 makenl[92430] MakeNL 3.5.1 (Linux) compiled with GNU C on Mar  6 2022 17:55:32
+ 07-Mar-2022 20:20:59 makenl[92430] MakeNL started
d 07-Mar-2022 20:20:59 makenl[92430] /home/bbs/git/makenl-code/src/os.c: os_fulldir(): called with src='.'
d 07-Mar-2022 20:20:59 makenl[92430] /home/bbs/git/makenl-code/src/os.c: os_fulldir(): after removing slash: '.'
d 07-Mar-2022 20:20:59 makenl[92430] os_fullpath(): dir='', name='', ext=''
d 07-Mar-2022 20:20:59 makenl[92430] os_fullpath(): old directory='/home/bbs/git/retrox_nodelist'
d 07-Mar-2022 20:20:59 makenl[92430] myfnmerge: drive='(null)' dir='/home/bbs/git/retrox_nodelist' name='' ext=''
d 07-Mar-2022 20:20:59 makenl[92430] os_fullpath(): complete filename: '/home/bbs/git/retrox_nodelist/'
d 07-Mar-2022 20:20:59 makenl[92430] /home/bbs/git/makenl-code/src/os.c: os_fulldir(): absolute path '/home/bbs/git/retrox_nodelist/'
d 07-Mar-2022 20:20:59 makenl[92430] /home/bbs/git/makenl-code/src/os.c: os_fulldir(): st_mode is now 40775
d 07-Mar-2022 20:20:59 makenl[92430] /home/bbs/git/makenl-code/src/os.c: os_fulldir(): called with src='./outfile'
d 07-Mar-2022 20:20:59 makenl[92430] /home/bbs/git/makenl-code/src/os.c: os_fulldir(): after removing slash: './outfile'
d 07-Mar-2022 20:20:59 makenl[92430] os_fullpath(): dir='.', name='outfile', ext=''
d 07-Mar-2022 20:20:59 makenl[92430] os_fullpath(): old directory='/home/bbs/git/retrox_nodelist'
d 07-Mar-2022 20:20:59 makenl[92430] myfnmerge: drive='(null)' dir='/home/bbs/git/retrox_nodelist' name='outfile' ext=''
d 07-Mar-2022 20:20:59 makenl[92430] os_fullpath(): complete filename: '/home/bbs/git/retrox_nodelist/outfile'
d 07-Mar-2022 20:20:59 makenl[92430] /home/bbs/git/makenl-code/src/os.c: os_fulldir(): absolute path '/home/bbs/git/retrox_nodelist/outfile'
d 07-Mar-2022 20:20:59 makenl[92430] /home/bbs/git/makenl-code/src/os.c: os_fulldir(): st_mode is now 40775
? 07-Mar-2022 20:20:59 makenl[92430] WARNING -- No net NAME given for list header (use /N or NAME verb)
+ 07-Mar-2022 20:20:59 makenl[92430] Cmdline: makenl "-D" "nodelist.txt"
+ 07-Mar-2022 20:20:59 makenl[92430] Using 'nodelist.txt' in '/home/bbs/git/retrox_nodelist'
+ 07-Mar-2022 20:20:59 makenl[92430] Begin processing 'retrox.' -- 20:20, Monday, March 7, 2022
d 07-Mar-2022 20:20:59 makenl[92430] myfnmerge: drive='(null)' dir='/home/bbs/git/retrox_nodelist/outfile' name='retrox.' ext='(null)'
d 07-Mar-2022 20:20:59 makenl[92430] main(): shouldprocess /home/bbs/git/retrox_nodelist/outfile/retrox.
d 07-Mar-2022 20:20:59 makenl[92430] myfnmerge: drive='' dir='/home/bbs/git/retrox_nodelist/outfile' name='retrox' ext='$$$'
d 07-Mar-2022 20:20:59 makenl[92430] myfnmerge: drive='(null)' dir='/home/bbs/git/retrox_nodelist/' name='cpyright.txt' ext='(null)'
d 07-Mar-2022 20:20:59 makenl[92430] myfnmerge: drive='(null)' dir='/home/bbs/git/retrox_nodelist/' name='prolog.txt' ext='(null)'
d 07-Mar-2022 20:20:59 makenl[92430] CloseMSGFile: status=0
d 07-Mar-2022 20:20:59 makenl[92430] CloseMSGFile: MSGnum=0
d 07-Mar-2022 20:20:59 makenl[92430] myfnmerge: drive='(null)' dir='/home/bbs/git/retrox_nodelist/' name='epilog.txt' ext='(null)'
d 07-Mar-2022 20:20:59 makenl[92430] myfnmerge: drive='(null)' dir='/home/bbs/git/retrox_nodelist/outfile' name='retrox.' ext='070'
d 07-Mar-2022 20:20:59 makenl[92430] myfnmerge: drive='' dir='/home/bbs/git/retrox_nodelist/outfile' name='retrox' ext='$$$'
d 07-Mar-2022 20:20:59 makenl[92430] myfnmerge: drive='' dir='/home/bbs/git/retrox_nodelist/outfile' name='retrox' ext='063'
d 07-Mar-2022 20:20:59 makenl[92430] myfnmerge: drive='' dir='/home/bbs/git/retrox_nodelist/outfile' name='retrox' ext='056'
d 07-Mar-2022 20:20:59 makenl[92430] myfnmerge: drive='' dir='/home/bbs/git/retrox_nodelist/outfile' name='retrox' ext='049'
d 07-Mar-2022 20:20:59 makenl[92430] myfnmerge: drive='' dir='/home/bbs/git/retrox_nodelist/outfile' name='retrox' ext='042'
d 07-Mar-2022 20:20:59 makenl[92430] myfnmerge: drive='' dir='/home/bbs/git/retrox_nodelist/outfile' name='retrox' ext='035'
d 07-Mar-2022 20:20:59 makenl[92430] myfnmerge: drive='' dir='/home/bbs/git/retrox_nodelist/outfile' name='retrox' ext='028'
+ 07-Mar-2022 20:20:59 makenl[92430] Unchanged output file will NOT be submitted
d 07-Mar-2022 20:20:59 makenl[92430] /home/bbs/git/makenl-code/src/fileutil.c: cleanit(): cleanup no
+ 07-Mar-2022 20:20:59 makenl[92430] CRC = 30867
+ 07-Mar-2022 20:20:59 makenl[92430] MakeNL finished (rc=0)

- 07-Mar-2022 20:24:36 makenl[92617] MakeNL 3.5.1 (Linux) compiled with GNU C on Mar  6 2022 17:55:32
+ 07-Mar-2022 20:24:36 makenl[92617] MakeNL started
d 07-Mar-2022 20:24:36 makenl[92617] /home/bbs/git/makenl-code/src/os.c: os_fulldir(): called with src='.'
d 07-Mar-2022 20:24:36 makenl[92617] /home/bbs/git/makenl-code/src/os.c: os_fulldir(): after removing slash: '.'
d 07-Mar-2022 20:24:36 makenl[92617] os_fullpath(): dir='', name='', ext=''
d 07-Mar-2022 20:24:36 makenl[92617] os_fullpath(): old directory='/home/bbs/git/retrox_nodelist'
d 07-Mar-2022 20:24:36 makenl[92617] myfnmerge: drive='(null)' dir='/home/bbs/git/retrox_nodelist' name='' ext=''
d 07-Mar-2022 20:24:36 makenl[92617] os_fullpath(): complete filename: '/home/bbs/git/retrox_nodelist/'
d 07-Mar-2022 20:24:36 makenl[92617] /home/bbs/git/makenl-code/src/os.c: os_fulldir(): absolute path '/home/bbs/git/retrox_nodelist/'
d 07-Mar-2022 20:24:36 makenl[92617] /home/bbs/git/makenl-code/src/os.c: os_fulldir(): st_mode is now 40775
d 07-Mar-2022 20:24:36 makenl[92617] /home/bbs/git/makenl-code/src/os.c: os_fulldir(): called with src='./outfile'
d 07-Mar-2022 20:24:36 makenl[92617] /home/bbs/git/makenl-code/src/os.c: os_fulldir(): after removing slash: './outfile'
d 07-Mar-2022 20:24:36 makenl[92617] os_fullpath(): dir='.', name='outfile', ext=''
d 07-Mar-2022 20:24:36 makenl[92617] os_fullpath(): old directory='/home/bbs/git/retrox_nodelist'
d 07-Mar-2022 20:24:36 makenl[92617] myfnmerge: drive='(null)' dir='/home/bbs/git/retrox_nodelist' name='outfile' ext=''
d 07-Mar-2022 20:24:36 makenl[92617] os_fullpath(): complete filename: '/home/bbs/git/retrox_nodelist/outfile'
d 07-Mar-2022 20:24:36 makenl[92617] /home/bbs/git/makenl-code/src/os.c: os_fulldir(): absolute path '/home/bbs/git/retrox_nodelist/outfile'
d 07-Mar-2022 20:24:36 makenl[92617] /home/bbs/git/makenl-code/src/os.c: os_fulldir(): st_mode is now 40775
? 07-Mar-2022 20:24:36 makenl[92617] WARNING -- No net NAME given for list header (use /N or NAME verb)
+ 07-Mar-2022 20:24:36 makenl[92617] Cmdline: makenl "-D" "nodelist.txt"
+ 07-Mar-2022 20:24:36 makenl[92617] Using 'nodelist.txt' in '/home/bbs/git/retrox_nodelist'
+ 07-Mar-2022 20:24:36 makenl[92617] Begin processing 'retrox.' -- 20:24, Monday, March 7, 2022
d 07-Mar-2022 20:24:36 makenl[92617] myfnmerge: drive='(null)' dir='/home/bbs/git/retrox_nodelist/outfile' name='retrox.' ext='(null)'
d 07-Mar-2022 20:24:36 makenl[92617] main(): shouldprocess /home/bbs/git/retrox_nodelist/outfile/retrox.
d 07-Mar-2022 20:24:36 makenl[92617] myfnmerge: drive='' dir='/home/bbs/git/retrox_nodelist/outfile' name='retrox' ext='$$$'
d 07-Mar-2022 20:24:36 makenl[92617] myfnmerge: drive='(null)' dir='/home/bbs/git/retrox_nodelist/' name='cpyright.txt' ext='(null)'
d 07-Mar-2022 20:24:36 makenl[92617] myfnmerge: drive='(null)' dir='/home/bbs/git/retrox_nodelist/' name='prolog.txt' ext='(null)'
d 07-Mar-2022 20:24:36 makenl[92617] CloseMSGFile: status=0
d 07-Mar-2022 20:24:36 makenl[92617] CloseMSGFile: MSGnum=0
d 07-Mar-2022 20:24:36 makenl[92617] myfnmerge: drive='(null)' dir='/home/bbs/git/retrox_nodelist/' name='epilog.txt' ext='(null)'
d 07-Mar-2022 20:24:36 makenl[92617] myfnmerge: drive='(null)' dir='/home/bbs/git/retrox_nodelist/outfile' name='retrox.' ext='070'
d 07-Mar-2022 20:24:36 makenl[92617] myfnmerge: drive='(null)' dir='/home/bbs/git/retrox_nodelist/outfile' name='retrox.' ext='063'
d 07-Mar-2022 20:24:36 makenl[92617] myfnmerge: drive='(null)' dir='/home/bbs/git/retrox_nodelist/outfile' name='retrox.' ext='056'
d 07-Mar-2022 20:24:36 makenl[92617] myfnmerge: drive='(null)' dir='/home/bbs/git/retrox_nodelist/outfile' name='retrox.' ext='049'
d 07-Mar-2022 20:24:36 makenl[92617] myfnmerge: drive='(null)' dir='/home/bbs/git/retrox_nodelist/outfile' name='retrox.' ext='042'
d 07-Mar-2022 20:24:36 makenl[92617] myfnmerge: drive='(null)' dir='/home/bbs/git/retrox_nodelist/outfile' name='retrox.' ext='035'
d 07-Mar-2022 20:24:36 makenl[92617] myfnmerge: drive='(null)' dir='/home/bbs/git/retrox_nodelist/outfile' name='retrox.' ext='028'
d 07-Mar-2022 20:24:36 makenl[92617] myfnmerge: drive='' dir='/home/bbs/git/retrox_nodelist/outfile' name='retrox' ext='$$$'
d 07-Mar-2022 20:24:36 makenl[92617] myfnmerge: drive='' dir='/home/bbs/git/retrox_nodelist/outfile' name='retrox' ext='070'
d 07-Mar-2022 20:24:36 makenl[92617] myfnmerge: drive='(null)' dir='/home/bbs/git/retrox_nodelist/outfile' name='retrox.' ext='021'
d 07-Mar-2022 20:24:36 makenl[92617] myfnmerge: drive='' dir='/home/bbs/git/retrox_nodelist/outfile' name='retrox' ext='063'
d 07-Mar-2022 20:24:36 makenl[92617] Skip arc for /home/bbs/git/retrox_nodelist/outfile/retrox.070
d 07-Mar-2022 20:24:36 makenl[92617] /home/bbs/git/makenl-code/src/fileutil.c: cleanit(): cleanup no
+ 07-Mar-2022 20:24:36 makenl[92617] CRC = 30867
+ 07-Mar-2022 20:24:36 makenl[92617] MakeNL finished (rc=0)

- 07-Mar-2022 20:25:20 makenl[92652] MakeNL 3.5.1 (Linux) compiled with GNU C on Mar  6 2022 17:55:32
+ 07-Mar-2022 20:25:20 makenl[92652] MakeNL started
d 07-Mar-2022 20:25:20 makenl[92652] /home/bbs/git/makenl-code/src/os.c: os_fulldir(): called with src='.'
d 07-Mar-2022 20:25:20 makenl[92652] /home/bbs/git/makenl-code/src/os.c: os_fulldir(): after removing slash: '.'
d 07-Mar-2022 20:25:20 makenl[92652] os_fullpath(): dir='', name='', ext=''
d 07-Mar-2022 20:25:20 makenl[92652] os_fullpath(): old directory='/home/bbs/git/retrox_nodelist'
d 07-Mar-2022 20:25:20 makenl[92652] myfnmerge: drive='(null)' dir='/home/bbs/git/retrox_nodelist' name='' ext=''
d 07-Mar-2022 20:25:20 makenl[92652] os_fullpath(): complete filename: '/home/bbs/git/retrox_nodelist/'
d 07-Mar-2022 20:25:20 makenl[92652] /home/bbs/git/makenl-code/src/os.c: os_fulldir(): absolute path '/home/bbs/git/retrox_nodelist/'
d 07-Mar-2022 20:25:20 makenl[92652] /home/bbs/git/makenl-code/src/os.c: os_fulldir(): st_mode is now 40775
d 07-Mar-2022 20:25:20 makenl[92652] /home/bbs/git/makenl-code/src/os.c: os_fulldir(): called with src='./outfile'
d 07-Mar-2022 20:25:20 makenl[92652] /home/bbs/git/makenl-code/src/os.c: os_fulldir(): after removing slash: './outfile'
d 07-Mar-2022 20:25:20 makenl[92652] os_fullpath(): dir='.', name='outfile', ext=''
d 07-Mar-2022 20:25:20 makenl[92652] os_fullpath(): old directory='/home/bbs/git/retrox_nodelist'
d 07-Mar-2022 20:25:20 makenl[92652] myfnmerge: drive='(null)' dir='/home/bbs/git/retrox_nodelist' name='outfile' ext=''
d 07-Mar-2022 20:25:20 makenl[92652] os_fullpath(): complete filename: '/home/bbs/git/retrox_nodelist/outfile'
d 07-Mar-2022 20:25:20 makenl[92652] /home/bbs/git/makenl-code/src/os.c: os_fulldir(): absolute path '/home/bbs/git/retrox_nodelist/outfile'
d 07-Mar-2022 20:25:20 makenl[92652] /home/bbs/git/makenl-code/src/os.c: os_fulldir(): st_mode is now 40775
? 07-Mar-2022 20:25:20 makenl[92652] WARNING -- No net NAME given for list header (use /N or NAME verb)
+ 07-Mar-2022 20:25:20 makenl[92652] Cmdline: makenl "-D" "nodelist.txt"
+ 07-Mar-2022 20:25:20 makenl[92652] Using 'nodelist.txt' in '/home/bbs/git/retrox_nodelist'
+ 07-Mar-2022 20:25:20 makenl[92652] Begin processing 'retrox.' -- 20:25, Monday, March 7, 2022
d 07-Mar-2022 20:25:20 makenl[92652] myfnmerge: drive='(null)' dir='/home/bbs/git/retrox_nodelist/outfile' name='retrox.' ext='(null)'
d 07-Mar-2022 20:25:20 makenl[92652] main(): shouldprocess /home/bbs/git/retrox_nodelist/outfile/retrox.
d 07-Mar-2022 20:25:20 makenl[92652] myfnmerge: drive='' dir='/home/bbs/git/retrox_nodelist/outfile' name='retrox' ext='$$$'
d 07-Mar-2022 20:25:20 makenl[92652] myfnmerge: drive='(null)' dir='/home/bbs/git/retrox_nodelist/' name='cpyright.txt' ext='(null)'
d 07-Mar-2022 20:25:20 makenl[92652] myfnmerge: drive='(null)' dir='/home/bbs/git/retrox_nodelist/' name='prolog.txt' ext='(null)'
d 07-Mar-2022 20:25:20 makenl[92652] CloseMSGFile: status=0
d 07-Mar-2022 20:25:20 makenl[92652] CloseMSGFile: MSGnum=0
d 07-Mar-2022 20:25:20 makenl[92652] myfnmerge: drive='(null)' dir='/home/bbs/git/retrox_nodelist/' name='epilog.txt' ext='(null)'
d 07-Mar-2022 20:25:20 makenl[92652] myfnmerge: drive='(null)' dir='/home/bbs/git/retrox_nodelist/outfile' name='retrox.' ext='070'
d 07-Mar-2022 20:25:20 makenl[92652] myfnmerge: drive='(null)' dir='/home/bbs/git/retrox_nodelist/outfile' name='retrox.' ext='063'
d 07-Mar-2022 20:25:20 makenl[92652] myfnmerge: drive='(null)' dir='/home/bbs/git/retrox_nodelist/outfile' name='retrox.' ext='056'
d 07-Mar-2022 20:25:20 makenl[92652] myfnmerge: drive='(null)' dir='/home/bbs/git/retrox_nodelist/outfile' name='retrox.' ext='049'
d 07-Mar-2022 20:25:20 makenl[92652] myfnmerge: drive='(null)' dir='/home/bbs/git/retrox_nodelist/outfile' name='retrox.' ext='042'
d 07-Mar-2022 20:25:20 makenl[92652] myfnmerge: drive='(null)' dir='/home/bbs/git/retrox_nodelist/outfile' name='retrox.' ext='035'
d 07-Mar-2022 20:25:20 makenl[92652] myfnmerge: drive='(null)' dir='/home/bbs/git/retrox_nodelist/outfile' name='retrox.' ext='028'
d 07-Mar-2022 20:25:20 makenl[92652] myfnmerge: drive='' dir='/home/bbs/git/retrox_nodelist/outfile' name='retrox' ext='$$$'
d 07-Mar-2022 20:25:20 makenl[92652] myfnmerge: drive='' dir='/home/bbs/git/retrox_nodelist/outfile' name='retrox' ext='070'
d 07-Mar-2022 20:25:20 makenl[92652] myfnmerge: drive='(null)' dir='/home/bbs/git/retrox_nodelist/outfile' name='retrox.' ext='021'
d 07-Mar-2022 20:25:20 makenl[92652] myfnmerge: drive='' dir='/home/bbs/git/retrox_nodelist/outfile' name='retrox' ext='063'
d 07-Mar-2022 20:25:20 makenl[92652] Skip arc for /home/bbs/git/retrox_nodelist/outfile/retrox.070
d 07-Mar-2022 20:25:20 makenl[92652] /home/bbs/git/makenl-code/src/fileutil.c: cleanit(): cleanup no
+ 07-Mar-2022 20:25:20 makenl[92652] CRC = 30867
+ 07-Mar-2022 20:25:20 makenl[92652] MakeNL finished (rc=0)

- 07-Mar-2022 20:26:48 makenl[92747] MakeNL 3.5.1 (Linux) compiled with GNU C on Mar  6 2022 17:55:32
+ 07-Mar-2022 20:26:48 makenl[92747] MakeNL started
d 07-Mar-2022 20:26:48 makenl[92747] /home/bbs/git/makenl-code/src/os.c: os_fulldir(): called with src='.'
d 07-Mar-2022 20:26:48 makenl[92747] /home/bbs/git/makenl-code/src/os.c: os_fulldir(): after removing slash: '.'
d 07-Mar-2022 20:26:48 makenl[92747] os_fullpath(): dir='', name='', ext=''
d 07-Mar-2022 20:26:48 makenl[92747] os_fullpath(): old directory='/home/bbs/git/retrox_nodelist'
d 07-Mar-2022 20:26:48 makenl[92747] myfnmerge: drive='(null)' dir='/home/bbs/git/retrox_nodelist' name='' ext=''
d 07-Mar-2022 20:26:48 makenl[92747] os_fullpath(): complete filename: '/home/bbs/git/retrox_nodelist/'
d 07-Mar-2022 20:26:48 makenl[92747] /home/bbs/git/makenl-code/src/os.c: os_fulldir(): absolute path '/home/bbs/git/retrox_nodelist/'
d 07-Mar-2022 20:26:48 makenl[92747] /home/bbs/git/makenl-code/src/os.c: os_fulldir(): st_mode is now 40775
d 07-Mar-2022 20:26:48 makenl[92747] /home/bbs/git/makenl-code/src/os.c: os_fulldir(): called with src='./outfile'
d 07-Mar-2022 20:26:48 makenl[92747] /home/bbs/git/makenl-code/src/os.c: os_fulldir(): after removing slash: './outfile'
d 07-Mar-2022 20:26:48 makenl[92747] os_fullpath(): dir='.', name='outfile', ext=''
d 07-Mar-2022 20:26:48 makenl[92747] os_fullpath(): old directory='/home/bbs/git/retrox_nodelist'
d 07-Mar-2022 20:26:48 makenl[92747] myfnmerge: drive='(null)' dir='/home/bbs/git/retrox_nodelist' name='outfile' ext=''
d 07-Mar-2022 20:26:48 makenl[92747] os_fullpath(): complete filename: '/home/bbs/git/retrox_nodelist/outfile'
d 07-Mar-2022 20:26:48 makenl[92747] /home/bbs/git/makenl-code/src/os.c: os_fulldir(): absolute path '/home/bbs/git/retrox_nodelist/outfile'
d 07-Mar-2022 20:26:48 makenl[92747] /home/bbs/git/makenl-code/src/os.c: os_fulldir(): st_mode is now 40775
? 07-Mar-2022 20:26:48 makenl[92747] WARNING -- No net NAME given for list header (use /N or NAME verb)
+ 07-Mar-2022 20:26:48 makenl[92747] Cmdline: makenl "-D" "nodelist.txt"
+ 07-Mar-2022 20:26:48 makenl[92747] Using 'nodelist.txt' in '/home/bbs/git/retrox_nodelist'
+ 07-Mar-2022 20:26:48 makenl[92747] Begin processing 'retrox.' -- 20:26, Monday, March 7, 2022
d 07-Mar-2022 20:26:48 makenl[92747] myfnmerge: drive='(null)' dir='/home/bbs/git/retrox_nodelist/outfile' name='retrox.' ext='(null)'
d 07-Mar-2022 20:26:48 makenl[92747] main(): shouldprocess /home/bbs/git/retrox_nodelist/outfile/retrox.
d 07-Mar-2022 20:26:48 makenl[92747] myfnmerge: drive='' dir='/home/bbs/git/retrox_nodelist/outfile' name='retrox' ext='$$$'
d 07-Mar-2022 20:26:48 makenl[92747] myfnmerge: drive='(null)' dir='/home/bbs/git/retrox_nodelist/' name='cpyright.txt' ext='(null)'
d 07-Mar-2022 20:26:48 makenl[92747] myfnmerge: drive='(null)' dir='/home/bbs/git/retrox_nodelist/' name='prolog.txt' ext='(null)'
d 07-Mar-2022 20:26:48 makenl[92747] CloseMSGFile: status=0
d 07-Mar-2022 20:26:48 makenl[92747] CloseMSGFile: MSGnum=0
d 07-Mar-2022 20:26:48 makenl[92747] myfnmerge: drive='(null)' dir='/home/bbs/git/retrox_nodelist/' name='epilog.txt' ext='(null)'
d 07-Mar-2022 20:26:48 makenl[92747] myfnmerge: drive='(null)' dir='/home/bbs/git/retrox_nodelist/outfile' name='retrox.' ext='070'
d 07-Mar-2022 20:26:48 makenl[92747] myfnmerge: drive='(null)' dir='/home/bbs/git/retrox_nodelist/outfile' name='retrox.' ext='063'
d 07-Mar-2022 20:26:48 makenl[92747] myfnmerge: drive='(null)' dir='/home/bbs/git/retrox_nodelist/outfile' name='retrox.' ext='056'
d 07-Mar-2022 20:26:48 makenl[92747] myfnmerge: drive='(null)' dir='/home/bbs/git/retrox_nodelist/outfile' name='retrox.' ext='049'
d 07-Mar-2022 20:26:48 makenl[92747] myfnmerge: drive='(null)' dir='/home/bbs/git/retrox_nodelist/outfile' name='retrox.' ext='042'
d 07-Mar-2022 20:26:48 makenl[92747] myfnmerge: drive='(null)' dir='/home/bbs/git/retrox_nodelist/outfile' name='retrox.' ext='035'
d 07-Mar-2022 20:26:48 makenl[92747] myfnmerge: drive='(null)' dir='/home/bbs/git/retrox_nodelist/outfile' name='retrox.' ext='028'
d 07-Mar-2022 20:26:48 makenl[92747] myfnmerge: drive='' dir='/home/bbs/git/retrox_nodelist/outfile' name='retrox' ext='$$$'
d 07-Mar-2022 20:26:48 makenl[92747] myfnmerge: drive='' dir='/home/bbs/git/retrox_nodelist/outfile' name='retrox' ext='070'
d 07-Mar-2022 20:26:48 makenl[92747] myfnmerge: drive='(null)' dir='/home/bbs/git/retrox_nodelist/outfile' name='retrox.' ext='021'
d 07-Mar-2022 20:26:48 makenl[92747] myfnmerge: drive='' dir='/home/bbs/git/retrox_nodelist/outfile' name='retrox' ext='063'
d 07-Mar-2022 20:26:48 makenl[92747] Skip arc for /home/bbs/git/retrox_nodelist/outfile/retrox.070
d 07-Mar-2022 20:26:48 makenl[92747] /home/bbs/git/makenl-code/src/fileutil.c: cleanit(): cleanup no
+ 07-Mar-2022 20:26:48 makenl[92747] CRC = 47145
+ 07-Mar-2022 20:26:48 makenl[92747] MakeNL finished (rc=0)

- 08-Mar-2022 00:22:35 makenl[102186] MakeNL 3.5.1 (Linux) compiled with GNU C on Mar  6 2022 17:55:32
+ 08-Mar-2022 00:22:35 makenl[102186] MakeNL started
d 08-Mar-2022 00:22:35 makenl[102186] /home/bbs/git/makenl-code/src/os.c: os_fulldir(): called with src='.'
d 08-Mar-2022 00:22:35 makenl[102186] /home/bbs/git/makenl-code/src/os.c: os_fulldir(): after removing slash: '.'
d 08-Mar-2022 00:22:35 makenl[102186] os_fullpath(): dir='', name='', ext=''
d 08-Mar-2022 00:22:35 makenl[102186] os_fullpath(): old directory='/home/bbs/git/retrox_nodelist'
d 08-Mar-2022 00:22:35 makenl[102186] myfnmerge: drive='(null)' dir='/home/bbs/git/retrox_nodelist' name='' ext=''
d 08-Mar-2022 00:22:35 makenl[102186] os_fullpath(): complete filename: '/home/bbs/git/retrox_nodelist/'
d 08-Mar-2022 00:22:35 makenl[102186] /home/bbs/git/makenl-code/src/os.c: os_fulldir(): absolute path '/home/bbs/git/retrox_nodelist/'
d 08-Mar-2022 00:22:35 makenl[102186] /home/bbs/git/makenl-code/src/os.c: os_fulldir(): st_mode is now 40775
d 08-Mar-2022 00:22:35 makenl[102186] /home/bbs/git/makenl-code/src/os.c: os_fulldir(): called with src='./outfile'
d 08-Mar-2022 00:22:35 makenl[102186] /home/bbs/git/makenl-code/src/os.c: os_fulldir(): after removing slash: './outfile'
d 08-Mar-2022 00:22:35 makenl[102186] os_fullpath(): dir='.', name='outfile', ext=''
d 08-Mar-2022 00:22:35 makenl[102186] os_fullpath(): old directory='/home/bbs/git/retrox_nodelist'
d 08-Mar-2022 00:22:35 makenl[102186] myfnmerge: drive='(null)' dir='/home/bbs/git/retrox_nodelist' name='outfile' ext=''
d 08-Mar-2022 00:22:35 makenl[102186] os_fullpath(): complete filename: '/home/bbs/git/retrox_nodelist/outfile'
d 08-Mar-2022 00:22:35 makenl[102186] /home/bbs/git/makenl-code/src/os.c: os_fulldir(): absolute path '/home/bbs/git/retrox_nodelist/outfile'
d 08-Mar-2022 00:22:35 makenl[102186] /home/bbs/git/makenl-code/src/os.c: os_fulldir(): st_mode is now 40775
? 08-Mar-2022 00:22:35 makenl[102186] WARNING -- No net NAME given for list header (use /N or NAME verb)
+ 08-Mar-2022 00:22:35 makenl[102186] Cmdline: makenl "-D" "nodelist.txt"
+ 08-Mar-2022 00:22:35 makenl[102186] Using 'nodelist.txt' in '/home/bbs/git/retrox_nodelist'
+ 08-Mar-2022 00:22:35 makenl[102186] Begin processing 'retrox.' -- 0:22, Tuesday, March 8, 2022
d 08-Mar-2022 00:22:35 makenl[102186] myfnmerge: drive='(null)' dir='/home/bbs/git/retrox_nodelist/outfile' name='retrox.' ext='(null)'
d 08-Mar-2022 00:22:35 makenl[102186] main(): shouldprocess /home/bbs/git/retrox_nodelist/outfile/retrox.
d 08-Mar-2022 00:22:35 makenl[102186] myfnmerge: drive='' dir='/home/bbs/git/retrox_nodelist/outfile' name='retrox' ext='$$$'
d 08-Mar-2022 00:22:35 makenl[102186] myfnmerge: drive='(null)' dir='/home/bbs/git/retrox_nodelist/' name='cpyright.txt' ext='(null)'
d 08-Mar-2022 00:22:35 makenl[102186] myfnmerge: drive='(null)' dir='/home/bbs/git/retrox_nodelist/' name='prolog.txt' ext='(null)'
d 08-Mar-2022 00:22:35 makenl[102186] CloseMSGFile: status=0
d 08-Mar-2022 00:22:35 makenl[102186] CloseMSGFile: MSGnum=0
d 08-Mar-2022 00:22:35 makenl[102186] myfnmerge: drive='(null)' dir='/home/bbs/git/retrox_nodelist/' name='epilog.txt' ext='(null)'
d 08-Mar-2022 00:22:35 makenl[102186] myfnmerge: drive='(null)' dir='/home/bbs/git/retrox_nodelist/outfile' name='retrox.' ext='070'
d 08-Mar-2022 00:22:35 makenl[102186] myfnmerge: drive='' dir='/home/bbs/git/retrox_nodelist/outfile' name='retrox' ext='$$$'
d 08-Mar-2022 00:22:35 makenl[102186] myfnmerge: drive='' dir='/home/bbs/git/retrox_nodelist/outfile' name='retrox' ext='063'
d 08-Mar-2022 00:22:35 makenl[102186] myfnmerge: drive='' dir='/home/bbs/git/retrox_nodelist/outfile' name='retrox' ext='056'
d 08-Mar-2022 00:22:35 makenl[102186] myfnmerge: drive='' dir='/home/bbs/git/retrox_nodelist/outfile' name='retrox' ext='049'
d 08-Mar-2022 00:22:35 makenl[102186] myfnmerge: drive='' dir='/home/bbs/git/retrox_nodelist/outfile' name='retrox' ext='042'
d 08-Mar-2022 00:22:35 makenl[102186] myfnmerge: drive='' dir='/home/bbs/git/retrox_nodelist/outfile' name='retrox' ext='035'
d 08-Mar-2022 00:22:35 makenl[102186] myfnmerge: drive='' dir='/home/bbs/git/retrox_nodelist/outfile' name='retrox' ext='028'
+ 08-Mar-2022 00:22:35 makenl[102186] Unchanged output file will NOT be submitted
d 08-Mar-2022 00:22:35 makenl[102186] /home/bbs/git/makenl-code/src/fileutil.c: cleanit(): cleanup no
+ 08-Mar-2022 00:22:35 makenl[102186] CRC = 47145
+ 08-Mar-2022 00:22:35 makenl[102186] MakeNL finished (rc=0)
